sample.interval=20000
"as.matrix.data.frame" "as.matrix" "FUN" "lapply" "Summary.data.frame" "sum" "whale.pop.model" 
"levels.default" "levels" "as.matrix.data.frame" "as.matrix" "FUN" "lapply" "Summary.data.frame" "sum" "whale.pop.model" 
"[" "whale.pop.model" 
"as.data.frame.numeric" "as.data.frame" "data.frame" "eval" "eval" "as.data.frame.list" "as.data.frame" "data.frame" "Ops.data.frame" "*" "whale.pop.model" 
"[[" "[.data.frame" "[" "whale.pop.model" 
"data.frame" "eval" "eval" "as.data.frame.list" "as.data.frame" "data.frame" "Ops.data.frame" "*" "whale.pop.model" 
"c" "eval" "as.data.frame.list" "as.data.frame" "data.frame" "Ops.data.frame" "-" "whale.pop.model" 
"%in%" "[[.data.frame" "[[" "Ops.data.frame" "-" "whale.pop.model" 
"Ops.data.frame" "*" "whale.pop.model" 
"pmatch" ".deparseOpts" "deparse" "mode" "match" "%in%" "deparse" "paste" "force" "as.data.frame.numeric" "as.data.frame" "data.frame" "eval" "eval" "as.data.frame.list" "as.data.frame" "data.frame" "Ops.data.frame" "*" "whale.pop.model" 
"pmatch" ".deparseOpts" "deparse" "mode" "match" "%in%" "deparse" "paste" "force" "as.data.frame.numeric" "as.data.frame" "data.frame" "eval" "eval" "as.data.frame.list" "as.data.frame" "data.frame" "Ops.data.frame" "*" "whale.pop.model" 
"%in%" "[[.data.frame" "[[" "Ops.data.frame" "*" "whale.pop.model" 
"deparse" "paste" "force" "as.data.frame.numeric" "as.data.frame" "data.frame" "eval" "eval" "as.data.frame.list" "as.data.frame" "data.frame" "Ops.data.frame" "-" "whale.pop.model" 
"%in%" "structure" "[.data.frame" "[" "whale.pop.model" 
"[[.data.frame" "[[" "Ops.data.frame" "-" "whale.pop.model" 
"[[.data.frame" "[[" "[.data.frame" "[" "whale.pop.model" 
"$<-.data.frame" "$<-" "whale.pop.model" 
"match" "%in%" "deparse" "mode" "match" "%in%" "deparse" "paste" "force" "as.data.frame.numeric" "as.data.frame" "data.frame" "eval" "eval" "as.data.frame.list" "as.data.frame" "data.frame" "Ops.data.frame" "*" "whale.pop.model" 
"data.frame" "eval" "eval" "as.data.frame.list" "as.data.frame" "data.frame" "Ops.data.frame" "*" "whale.pop.model" 
"[" "whale.pop.model" 
"[<-.data.frame" "[<-" "whale.pop.model" 
